C51 COMPILER V9.54   AT24C02                                                               01/14/2023 16:51:24 PAGE 1   


C51 COMPILER V9.54, COMPILATION OF MODULE AT24C02
OBJECT MODULE PLACED IN .\Objects\AT24C02.obj
COMPILER INVOKED BY: D:\KeilC51\C51\BIN\C51.EXE AT24C02.c OPTIMIZE(8,SPEED) BROWSE DEBUG OBJECTEXTEND PRINT(.\Listings\A
                    -T24C02.lst) TABS(2) OBJECT(.\Objects\AT24C02.obj)

line level    source

   1          #include <REGX52.H>
   2          #include "I2C.h"
   3          
   4          /**
   5            * @brief  写入一个字节
   6            * @param  写入地址
   7            * @param  写入数据
   8            * @retval 无
   9            写完后应该延迟5ms!!!!!!!!!!
  10            */
  11          void AT24C02_SendByte(unsigned char WordAddress, Byte)
  12          {
  13   1        I2C_Start();
  14   1        I2C_SendByte(0xA0);
  15   1        I2C_ReceiveAck();
  16   1        I2C_SendByte(WordAddress);
  17   1        I2C_ReceiveAck();
  18   1        I2C_SendByte(Byte);
  19   1        I2C_ReceiveAck(); 
  20   1        I2C_Stop();
  21   1      }
  22          
  23          /**
  24            * @brief  读取一个字节
  25            * @param  
  26            * @retval 
  27            */
  28          unsigned char AT24C02_ReadByte(unsigned char WordAddress)
  29          {
  30   1        unsigned char Byte;
  31   1        I2C_Start();
  32   1        I2C_SendByte(0xA0);
  33   1        I2C_ReceiveAck();
  34   1        I2C_SendByte(WordAddress);
  35   1        I2C_ReceiveAck();
  36   1        
  37   1        I2C_Start();
  38   1        I2C_SendByte(0xA1);
  39   1        I2C_ReceiveAck();
  40   1        Byte = I2C_ReceiveByte();
  41   1        I2C_SendAck(1);
  42   1        
  43   1        I2C_Stop();
  44   1        return Byte;
  45   1      }


MODULE INFORMATION:   STATIC OVERLAYABLE
   CODE SIZE        =     84    ----
   CONSTANT SIZE    =   ----    ----
   XDATA SIZE       =   ----    ----
   PDATA SIZE       =   ----    ----
   DATA SIZE        =   ----       5
   IDATA SIZE       =   ----    ----
C51 COMPILER V9.54   AT24C02                                                               01/14/2023 16:51:24 PAGE 2   

   BIT SIZE         =   ----    ----
END OF MODULE INFORMATION.


C51 COMPILATION COMPLETE.  0 WARNING(S),  0 ERROR(S)
