C51 COMPILER V9.54   KEY                                                                   01/14/2023 17:55:52 PAGE 1   


C51 COMPILER V9.54, COMPILATION OF MODULE KEY
OBJECT MODULE PLACED IN .\Objects\Key.obj
COMPILER INVOKED BY: D:\KeilC51\C51\BIN\C51.EXE Key.c OPTIMIZE(8,SPEED) BROWSE DEBUG OBJECTEXTEND PRINT(.\Listings\Key.l
                    -st) TABS(2) OBJECT(.\Objects\Key.obj)

line level    source

   1          #include <REGX52.H>
   2          #include "Delay.h"
   3          
   4          unsigned char Key_Key;
   5            
   6          unsigned char Key()
   7          {
   8   1        unsigned char tmp = Key_Key;
   9   1        Key_Key=0;
  10   1        return tmp;
  11   1      }
  12          
  13          unsigned char KeyState()
  14          {
  15   1        unsigned char KeyNumber = 0;
  16   1        if(P3_1==0){KeyNumber = 1;}
  17   1        if(P3_0==0){KeyNumber = 2;}
  18   1        if(P3_2==0){KeyNumber = 3;}
  19   1        if(P3_3==0){KeyNumber = 4;}
  20   1        return KeyNumber;
  21   1      }
  22          
  23          void Key_Loop()
  24          {
  25   1        static unsigned char NowState,LastState;
  26   1        LastState = NowState;
  27   1        NowState = KeyState();
  28   1        if(NowState == 0 && LastState == 1)
  29   1        {
  30   2          Key_Key = 1;
  31   2        }
  32   1        if(NowState == 0 && LastState == 2)
  33   1        {
  34   2          Key_Key = 2;
  35   2        }
  36   1        if(NowState == 0 && LastState == 3)
  37   1        {
  38   2          Key_Key = 3;
  39   2        }
  40   1        if(NowState == 0 && LastState == 4)
  41   1        {
  42   2          Key_Key = 4;
  43   2        }
  44   1      }


MODULE INFORMATION:   STATIC OVERLAYABLE
   CODE SIZE        =     85    ----
   CONSTANT SIZE    =   ----    ----
   XDATA SIZE       =   ----    ----
   PDATA SIZE       =   ----    ----
   DATA SIZE        =      3    ----
   IDATA SIZE       =   ----    ----
   BIT SIZE         =   ----    ----
C51 COMPILER V9.54   KEY                                                                   01/14/2023 17:55:52 PAGE 2   

END OF MODULE INFORMATION.


C51 COMPILATION COMPLETE.  0 WARNING(S),  0 ERROR(S)
