C51 COMPILER V9.54   UART                                                                  12/25/2022 17:14:57 PAGE 1   


C51 COMPILER V9.54, COMPILATION OF MODULE UART
OBJECT MODULE PLACED IN .\Objects\UART.obj
COMPILER INVOKED BY: D:\KeilC51\C51\BIN\C51.EXE UART.c OPTIMIZE(8,SPEED) BROWSE DEBUG OBJECTEXTEND PRINT(.\Listings\UART
                    -.lst) TABS(2) OBJECT(.\Objects\UART.obj)

line level    source

   1          #include <REGX52.H>
   2          
   3          
   4          void UART_Init()  //4800bps@11.0592MHz
   5          {
   6   1        SCON = 0x50;
   7   1        PCON |= 0;
   8   1        TMOD &= 0x0F;
   9   1        TMOD |= 0x20;
  10   1        TL1 = 0xFA;
  11   1        TH1 = 0xFA;
  12   1        ET1 = 0;
  13   1        TR1 = 1;
  14   1        EA = 1;
  15   1        ES = 1;
  16   1      }
  17          void UART_SendByte(unsigned char Byte)
  18          {
  19   1        SBUF = Byte;
  20   1        while(TI == 0);
  21   1        TI == 0;
*** WARNING C275 IN LINE 21 OF UART.c: expression with possibly no effect
  22   1      }
  23          
  24          /*
  25          void UART_routine() interrupt 4
  26          {
  27            if(RI == 1)
  28            {
  29          
  30              RI = 0;
  31            }
  32          } 
  33          */


MODULE INFORMATION:   STATIC OVERLAYABLE
   CODE SIZE        =     30    ----
   CONSTANT SIZE    =   ----    ----
   XDATA SIZE       =   ----    ----
   PDATA SIZE       =   ----    ----
   DATA SIZE        =   ----    ----
   IDATA SIZE       =   ----    ----
   BIT SIZE         =   ----    ----
END OF MODULE INFORMATION.


C51 COMPILATION COMPLETE.  1 WARNING(S),  0 ERROR(S)
