C51 COMPILER V9.54   MAIN                                                                  01/15/2023 15:40:14 PAGE 1   


C51 COMPILER V9.54, COMPILATION OF MODULE MAIN
OBJECT MODULE PLACED IN .\Objects\main.obj
COMPILER INVOKED BY: D:\KeilC51\C51\BIN\C51.EXE main.c OPTIMIZE(8,SPEED) BROWSE DEBUG OBJECTEXTEND PRINT(.\Listings\main
                    -.lst) TABS(2) OBJECT(.\Objects\main.obj)

line level    source

   1          #include <REGX52.H>
   2          #include "LCD1602.h"
   3          #include "DS18B02.h"
   4          
   5          float T;
   6          
   7          void main()
   8          {
   9   1        LCD_Init();
  10   1        
  11   1        while(1)
  12   1        {
  13   2          DS18B20_ConvertT();
  14   2          T = DS18B20_ReadT();
  15   2          if(T<0)
  16   2          {
  17   3            LCD_ShowChar(2,1,'-');
  18   3            T = -T;
  19   3          }
  20   2          else
  21   2          {
  22   3            LCD_ShowChar(2,1,'+');
  23   3          }
  24   2          LCD_ShowNum(2,2,T,3);
  25   2          LCD_ShowChar(2,5,'.');
  26   2          LCD_ShowNum(2,6,(unsigned long)(T*10000)%10000,4);
  27   2        }
  28   1      }


MODULE INFORMATION:   STATIC OVERLAYABLE
   CODE SIZE        =    153    ----
   CONSTANT SIZE    =   ----    ----
   XDATA SIZE       =   ----    ----
   PDATA SIZE       =   ----    ----
   DATA SIZE        =      4    ----
   IDATA SIZE       =   ----    ----
   BIT SIZE         =   ----    ----
END OF MODULE INFORMATION.


C51 COMPILATION COMPLETE.  0 WARNING(S),  0 ERROR(S)
