C51 COMPILER V9.54   ONEWIRE                                                               01/15/2023 14:51:20 PAGE 1   


C51 COMPILER V9.54, COMPILATION OF MODULE ONEWIRE
OBJECT MODULE PLACED IN .\Objects\Onewire.obj
COMPILER INVOKED BY: D:\KeilC51\C51\BIN\C51.EXE Onewire.c OPTIMIZE(8,SPEED) BROWSE DEBUG OBJECTEXTEND PRINT(.\Listings\O
                    -newire.lst) TABS(2) OBJECT(.\Objects\Onewire.obj)

line level    source

   1          #include <REGX52.H>
   2          
   3          sbit DQ=P3^7;
   4          
   5          unsigned char Onewire_Init()
   6          {
   7   1        unsigned char i, Ackbit;
   8   1        DQ = 1;
   9   1        DQ = 0;
  10   1        i = 227;while (--i);    //500us
  11   1        DQ = 1;
  12   1        i = 29;while (--i);     //70us
  13   1        Ackbit  = DQ;
  14   1        i = 227;while (--i);    //500us 
  15   1        return Ackbit;
  16   1      }
  17          
  18          void Onewire_SendBit(unsigned char Bit)
  19          {
  20   1        unsigned char i;
  21   1        DQ = 0;
  22   1        i = 4;while (--i);      //10us
  23   1        DQ = Bit;
  24   1        i = 24;while (--i);     //50us
  25   1        DQ = 1;
  26   1      }
  27          
  28          unsigned char Onewire_ReceiveBit()
  29          {
  30   1        unsigned char Bit, i;
  31   1        DQ = 0;
  32   1        i = 2;while (--i);      //5us
  33   1        DQ = 1;
  34   1        i = 3;while (--i);      //5us
  35   1        Bit = DQ;
  36   1        i = 24;while (--i);     //50us
  37   1        return Bit;
  38   1      }
  39          
  40          void Onewire_SendByte(unsigned char Byte)
  41          {
  42   1        unsigned char i;
  43   1        for(i=0;i<8;i++)
  44   1        {
  45   2          Onewire_SendBit(Byte&(0x01<<i));
  46   2        }
  47   1      }
  48          
  49          unsigned char Onewire_ReceiveByte()
  50          {
  51   1        unsigned char Byte=0x00, i;
  52   1        for(i=0;i<8;i++)
  53   1        {
  54   2          if(Onewire_ReceiveBit())
C51 COMPILER V9.54   ONEWIRE                                                               01/15/2023 14:51:20 PAGE 2   

  55   2            Byte|=(0x01<<i);
  56   2        }
  57   1        return Byte;
  58   1      }


MODULE INFORMATION:   STATIC OVERLAYABLE
   CODE SIZE        =    122    ----
   CONSTANT SIZE    =   ----    ----
   XDATA SIZE       =   ----    ----
   PDATA SIZE       =   ----    ----
   DATA SIZE        =   ----    ----
   IDATA SIZE       =   ----    ----
   BIT SIZE         =   ----    ----
END OF MODULE INFORMATION.


C51 COMPILATION COMPLETE.  0 WARNING(S),  0 ERROR(S)
