C51 COMPILER V9.54   MAIN                                                                  01/15/2023 16:38:01 PAGE 1   


C51 COMPILER V9.54, COMPILATION OF MODULE MAIN
OBJECT MODULE PLACED IN .\Objects\main.obj
COMPILER INVOKED BY: D:\KeilC51\C51\BIN\C51.EXE main.c OPTIMIZE(8,SPEED) BROWSE DEBUG OBJECTEXTEND PRINT(.\Listings\main
                    -.lst) TABS(2) OBJECT(.\Objects\main.obj)

line level    source

   1          #include <REGX52.H>
   2          #include "LCD1602.h"
   3          #include "DS18B02.h"
   4          #include "Key.h"
   5          #include "AT24C02.h"
   6          #include "Delay.h"
   7          #include "Timer0_Init.h"
   8          
   9          sbit BZ = P2^5;
  10          
  11          float T;
  12          unsigned char KeyNum;
  13          unsigned char THigh,TLow;
  14          
  15          
  16          void main()
  17          {
  18   1      //  Timer0_Init();
  19   1        LCD_Init();
  20   1        LCD_ShowString(2,1,"H:");
  21   1        LCD_ShowString(2,8,"L:");
  22   1        THigh = AT24C02_ReadByte(1);
  23   1        TLow = AT24C02_ReadByte(2);
  24   1        
  25   1        while(1)
  26   1        {
  27   2          KeyNum = Key();
  28   2          
  29   2          DS18B20_ConvertT();
  30   2          T = DS18B20_ReadT();
  31   2          if(T<0)
  32   2          {
  33   3            LCD_ShowChar(1,1,'-');
  34   3            T = -T;
  35   3          }
  36   2          else
  37   2          {
  38   3            LCD_ShowChar(1,1,'+');
  39   3          }
  40   2          LCD_ShowNum(1,2,T,3);
  41   2          LCD_ShowChar(1,5,'.');
  42   2          LCD_ShowNum(1,6,(unsigned long)(T*10)%10,1);
  43   2          
  44   2          if(KeyNum)
  45   2          {
  46   3            if(KeyNum == 1)
  47   3            {
  48   4              THigh++;
  49   4              if(THigh>99)THigh = 99;
  50   4            }
  51   3            if(KeyNum == 2)
  52   3            {
  53   4              THigh--;
  54   4              if(THigh<=TLow)THigh++;
C51 COMPILER V9.54   MAIN                                                                  01/15/2023 16:38:01 PAGE 2   

  55   4              if(THigh>200)THigh=0;
  56   4            }
  57   3            if(KeyNum == 3)
  58   3            {
  59   4              TLow++;
  60   4              if(THigh<=TLow)TLow--;
  61   4            }
  62   3            if(KeyNum == 4)
  63   3            {
  64   4              TLow--;
  65   4              if(TLow>200)TLow = 0;
  66   4            }       
  67   3          }
  68   2          LCD_ShowNum(2,3,THigh,2);
  69   2          LCD_ShowNum(2,10,TLow,2);
  70   2          AT24C02_SendByte(1,THigh);
  71   2          Delay(5);
  72   2          AT24C02_SendByte(2,TLow);
  73   2          Delay(5);
  74   2          
  75   2          if(T>THigh)
  76   2          {
  77   3            LCD_ShowString(1,13,"OV:H");
  78   3          }
  79   2          else if(T<TLow)
  80   2          {
  81   3            LCD_ShowString(1,13,"OV:L");
  82   3          }
  83   2          else
  84   2          {
  85   3            LCD_ShowString(1,13,"    ");
  86   3          }
  87   2        }
  88   1      }
  89          
  90          
  91          //void Timer0() interrupt 1
  92          //{
  93          
  94          //  TH0=0;
  95          //  TL0=0;
  96          //  BZ = !BZ;
  97          //}


MODULE INFORMATION:   STATIC OVERLAYABLE
   CODE SIZE        =    415    ----
   CONSTANT SIZE    =     21    ----
   XDATA SIZE       =   ----    ----
   PDATA SIZE       =   ----    ----
   DATA SIZE        =      7    ----
   IDATA SIZE       =   ----    ----
   BIT SIZE         =   ----    ----
END OF MODULE INFORMATION.


C51 COMPILATION COMPLETE.  0 WARNING(S),  0 ERROR(S)
