C51 COMPILER V9.54   UART                                                                  12/25/2022 16:46:27 PAGE 1   


C51 COMPILER V9.54, COMPILATION OF MODULE UART
OBJECT MODULE PLACED IN .\Objects\UART.obj
COMPILER INVOKED BY: D:\KeilC51\C51\BIN\C51.EXE UART.c OPTIMIZE(8,SPEED) BROWSE DEBUG OBJECTEXTEND PRINT(.\Listings\UART
                    -.lst) TABS(2) OBJECT(.\Objects\UART.obj)

line level    source

   1          #include <REGX52.H>
   2          
   3          
   4          void UART_Init()  //4800bps@11.0592MHz
   5          {
   6   1        SCON = 0x50;
   7   1        PCON |= 0;
   8   1        TMOD &= 0x0F;
   9   1        TMOD |= 0x20;
  10   1        TL1 = 0xFA;
  11   1        TH1 = 0xFA;
  12   1        ET1 = 0;
  13   1        TR1 = 1;
  14   1      }
  15          void UART_SendByte(unsigned char Byte)
  16          {
  17   1        SBUF = Byte;
  18   1        while(TI == 0);
  19   1        TI == 0;
*** WARNING C275 IN LINE 19 OF UART.c: expression with possibly no effect
  20   1      }


MODULE INFORMATION:   STATIC OVERLAYABLE
   CODE SIZE        =     26    ----
   CONSTANT SIZE    =   ----    ----
   XDATA SIZE       =   ----    ----
   PDATA SIZE       =   ----    ----
   DATA SIZE        =   ----    ----
   IDATA SIZE       =   ----    ----
   BIT SIZE         =   ----    ----
END OF MODULE INFORMATION.


C51 COMPILATION COMPLETE.  1 WARNING(S),  0 ERROR(S)
