C51 COMPILER V9.54   BUZZER                                                                12/29/2022 20:11:26 PAGE 1   


C51 COMPILER V9.54, COMPILATION OF MODULE BUZZER
OBJECT MODULE PLACED IN .\Objects\Buzzer.obj
COMPILER INVOKED BY: D:\KeilC51\C51\BIN\C51.EXE Buzzer.c OPTIMIZE(8,SPEED) BROWSE DEBUG OBJECTEXTEND PRINT(.\Listings\Bu
                    -zzer.lst) TABS(2) OBJECT(.\Objects\Buzzer.obj)

line level    source

   1          #include <REGX52.H>
   2          
   3          sbit Buzzer = P2^5;
   4          
   5          unsigned int i = 0;
   6          void Buzzer500us()    //@11.0592MHz
   7          {
   8   1        unsigned char i;
   9   1      
  10   1        i = 227;
  11   1        while (--i);
  12   1      }
  13          
  14          void Buzzer_Time(unsigned int xms)
  15          {
  16   1        for(i = 0; i < xms*2; i++)
  17   1        {
  18   2          Buzzer=!Buzzer;
  19   2          Buzzer500us();
  20   2        }
  21   1      }


MODULE INFORMATION:   STATIC OVERLAYABLE
   CODE SIZE        =     46    ----
   CONSTANT SIZE    =   ----    ----
   XDATA SIZE       =   ----    ----
   PDATA SIZE       =   ----    ----
   DATA SIZE        =      2    ----
   IDATA SIZE       =   ----    ----
   BIT SIZE         =   ----    ----
END OF MODULE INFORMATION.


C51 COMPILATION COMPLETE.  0 WARNING(S),  0 ERROR(S)
