C51 COMPILER V9.54   MAIN                                                                  12/29/2022 20:12:19 PAGE 1   


C51 COMPILER V9.54, COMPILATION OF MODULE MAIN
OBJECT MODULE PLACED IN .\Objects\main.obj
COMPILER INVOKED BY: D:\KeilC51\C51\BIN\C51.EXE main.c OPTIMIZE(8,SPEED) BROWSE DEBUG OBJECTEXTEND PRINT(.\Listings\main
                    -.lst) TABS(2) OBJECT(.\Objects\main.obj)

line level    source

   1          #include <REGX52.H>
   2          #include "fun.h"
   3          #include "Key.h"
   4          #include "Buzzer.h"
   5            
   6          unsigned char KeyNum = 0;
   7          void main()
   8          {
   9   1      
  10   1        Nixie(1, 0);
  11   1        while(1)
  12   1        {
  13   2          KeyNum = Key();
  14   2          if(KeyNum)
  15   2          {
  16   3            Buzzer_Time(1000);
  17   3            Nixie(1, KeyNum);
  18   3          }
  19   2        }
  20   1      }


MODULE INFORMATION:   STATIC OVERLAYABLE
   CODE SIZE        =     36    ----
   CONSTANT SIZE    =   ----    ----
   XDATA SIZE       =   ----    ----
   PDATA SIZE       =   ----    ----
   DATA SIZE        =      1    ----
   IDATA SIZE       =   ----    ----
   BIT SIZE         =   ----    ----
END OF MODULE INFORMATION.


C51 COMPILATION COMPLETE.  0 WARNING(S),  0 ERROR(S)
