C51 COMPILER V9.54   MAIN                                                                  12/24/2022 19:49:58 PAGE 1   


C51 COMPILER V9.54, COMPILATION OF MODULE MAIN
OBJECT MODULE PLACED IN .\Objects\main.obj
COMPILER INVOKED BY: D:\KeilC51\C51\BIN\C51.EXE main.c OPTIMIZE(8,SPEED) BROWSE DEBUG OBJECTEXTEND PRINT(.\Listings\main
                    -.lst) TABS(2) OBJECT(.\Objects\main.obj)

line level    source

   1          #include <REGX52.H>
   2          #include "LCD1602.h"
   3          #include "Delay.h"
   4          #include "Timer0_Init.h"
   5          unsigned char sec=50, min=59, hour=23;
   6          void main()
   7          {
   8   1        LCD_Init();
   9   1        Timer0_Init();
  10   1        LCD_ShowString(1,1,"Clock:");
  11   1        LCD_ShowChar(2,3,':');
  12   1        LCD_ShowChar(2,6,':');  
  13   1        while(1)
  14   1        {
  15   2          LCD_ShowNum(2,1,hour,2);
  16   2          LCD_ShowNum(2,4,min,2);
  17   2          LCD_ShowNum(2,7,sec,2);
  18   2        }
  19   1      }
  20          void Timer0() interrupt 1
  21          {
  22   1        static unsigned int T0count = 0;
  23   1        TH0=64535/256;
  24   1        TL0=64535%256+1;
  25   1        T0count++;
  26   1        if(T0count>=1000)
  27   1        {
  28   2          T0count = 0;
  29   2          sec++;
  30   2          if(sec>=60)
  31   2          {
  32   3            sec=0;
  33   3            min++;
  34   3            if(min>=60)
  35   3            {
  36   4              min=0;
  37   4              hour++;
  38   4              if(hour>=24)
  39   4              {
  40   5                hour=0;
  41   5              }
  42   4            }
  43   3          }
  44   2        }
  45   1      } 


MODULE INFORMATION:   STATIC OVERLAYABLE
   CODE SIZE        =    155    ----
   CONSTANT SIZE    =      7    ----
   XDATA SIZE       =   ----    ----
   PDATA SIZE       =   ----    ----
   DATA SIZE        =      5    ----
   IDATA SIZE       =   ----    ----
C51 COMPILER V9.54   MAIN                                                                  12/24/2022 19:49:58 PAGE 2   

   BIT SIZE         =   ----    ----
END OF MODULE INFORMATION.


C51 COMPILATION COMPLETE.  0 WARNING(S),  0 ERROR(S)
