C51 COMPILER V9.54   TIMER0_INIT                                                           12/24/2022 19:47:11 PAGE 1   


C51 COMPILER V9.54, COMPILATION OF MODULE TIMER0_INIT
OBJECT MODULE PLACED IN .\Objects\Timer0_Init.obj
COMPILER INVOKED BY: D:\KeilC51\C51\BIN\C51.EXE Timer0_Init.c OPTIMIZE(8,SPEED) BROWSE DEBUG OBJECTEXTEND PRINT(.\Listin
                    -gs\Timer0_Init.lst) TABS(2) OBJECT(.\Objects\Timer0_Init.obj)

line level    source

   1          #include <REGX52.H>
   2          
   3          void Timer0_Init()
   4          {
   5   1        TMOD&=0xF0;
   6   1        TMOD|=0x01;
   7   1        TR0=1;
   8   1        TF0=0;
   9   1        TH0=64535/256;
  10   1        TL0=64535%256+1;
  11   1        EA=1;
  12   1        ET0=1;
  13   1        PT0=0;
  14   1      }
  15          
  16          /*
  17          void Timer0() interrupt 1
  18          {
  19            static unsigned int T0count = 0;
  20            TH0=64535/256;
  21            TL0=64535%256+1;
  22            T0count++;
  23            if(T0count >= 1000)
  24            { 
  25              T0count = 0;
  26          
  27            }
  28          } */


MODULE INFORMATION:   STATIC OVERLAYABLE
   CODE SIZE        =     23    ----
   CONSTANT SIZE    =   ----    ----
   XDATA SIZE       =   ----    ----
   PDATA SIZE       =   ----    ----
   DATA SIZE        =   ----    ----
   IDATA SIZE       =   ----    ----
   BIT SIZE         =   ----    ----
END OF MODULE INFORMATION.


C51 COMPILATION COMPLETE.  0 WARNING(S),  0 ERROR(S)
