C51 COMPILER V9.54   MAIN                                                                  01/14/2023 16:34:24 PAGE 1   


C51 COMPILER V9.54, COMPILATION OF MODULE MAIN
OBJECT MODULE PLACED IN .\Objects\main.obj
COMPILER INVOKED BY: D:\KeilC51\C51\BIN\C51.EXE main.c OPTIMIZE(8,SPEED) BROWSE DEBUG OBJECTEXTEND PRINT(.\Listings\main
                    -.lst) TABS(2) OBJECT(.\Objects\main.obj)

line level    source

   1          #include <REGX52.H>
   2          #include "LCD1602.h"
   3          #include "Key.h"
   4          #include "Delay.h"
   5          #include "AT24C02.h"
   6          
   7          unsigned char KeyNum, Num;
   8          void main()
   9          {
  10   1        LCD_Init();
  11   1        while(1)
  12   1        {
  13   2          KeyNum = Key();
  14   2          if(KeyNum)
  15   2          {
  16   3            if(KeyNum==1)
  17   3            {
  18   4              Num++;
  19   4            }
  20   3            if(KeyNum==2)
  21   3            {
  22   4              Num--;
  23   4            }
  24   3            if(KeyNum==3)
  25   3            {
  26   4              AT24C02_SendByte(0,Num);
  27   4              LCD_ShowString(2,1,"OK");
  28   4              Delay(1000);
  29   4              LCD_ShowString(2,1,"  ");
  30   4            }
  31   3            if(KeyNum==4)
  32   3            {
  33   4              Num = AT24C02_ReadByte(0);
  34   4            }
  35   3          } 
  36   2          LCD_ShowNum(1,1,Num,3);
  37   2        }
  38   1      }


MODULE INFORMATION:   STATIC OVERLAYABLE
   CODE SIZE        =    102    ----
   CONSTANT SIZE    =      6    ----
   XDATA SIZE       =   ----    ----
   PDATA SIZE       =   ----    ----
   DATA SIZE        =      2    ----
   IDATA SIZE       =   ----    ----
   BIT SIZE         =   ----    ----
END OF MODULE INFORMATION.


C51 COMPILATION COMPLETE.  0 WARNING(S),  0 ERROR(S)
