C51 COMPILER V9.54   KEY                                                                   01/18/2023 17:01:32 PAGE 1   


C51 COMPILER V9.54, COMPILATION OF MODULE KEY
OBJECT MODULE PLACED IN .\Objects\Key.obj
COMPILER INVOKED BY: D:\KeilC51\C51\BIN\C51.EXE Key.c OPTIMIZE(8,SPEED) BROWSE DEBUG OBJECTEXTEND PRINT(.\Listings\Key.l
                    -st) TABS(2) OBJECT(.\Objects\Key.obj)

line level    source

   1          #include <REGX52.H>
   2          #include "Delay.h"
   3          
   4          unsigned char Key()
   5          {
   6   1        unsigned char KeyNumber = 0;
   7   1        if(P3_1==0){Delay(20);while(P3_1==0);Delay(20);KeyNumber = 1;}
   8   1        if(P3_0==0){Delay(20);while(P3_0==0);Delay(20);KeyNumber = 2;}
   9   1        if(P3_2==0){Delay(20);while(P3_2==0);Delay(20);KeyNumber = 3;}
  10   1        if(P3_3==0){Delay(20);while(P3_3==0);Delay(20);KeyNumber = 4;}
  11   1        return KeyNumber;
  12   1      }


MODULE INFORMATION:   STATIC OVERLAYABLE
   CODE SIZE        =     97    ----
   CONSTANT SIZE    =   ----    ----
   XDATA SIZE       =   ----    ----
   PDATA SIZE       =   ----    ----
   DATA SIZE        =   ----       1
   IDATA SIZE       =   ----    ----
   BIT SIZE         =   ----    ----
END OF MODULE INFORMATION.


C51 COMPILATION COMPLETE.  0 WARNING(S),  0 ERROR(S)
