C51 COMPILER V9.54   MAIN                                                                  01/18/2023 17:02:50 PAGE 1   


C51 COMPILER V9.54, COMPILATION OF MODULE MAIN
OBJECT MODULE PLACED IN .\Objects\main.obj
COMPILER INVOKED BY: D:\KeilC51\C51\BIN\C51.EXE main.c OPTIMIZE(8,SPEED) BROWSE DEBUG OBJECTEXTEND PRINT(.\Listings\main
                    -.lst) TABS(2) OBJECT(.\Objects\main.obj)

line level    source

   1          #include <REGX52.H>
   2          #include "Nixie.h"
   3          #include "Timer1.h"
   4          #include "Delay.h"
   5          #include "IR.h"
   6          
   7          unsigned char Count, Compare;
   8          unsigned char Speed;
   9          unsigned char Command;
  10          
  11          void main()
  12          {
  13   1        unsigned char Num;
  14   1        Timer1_Init();
  15   1        IR_Init();
  16   1      
  17   1        while(1)
  18   1        {
  19   2          if(IR_GetDateFlag())
  20   2          {
  21   3            Command = IR_GetCommand();
  22   3      
  23   3            if(Command == 0x16){Compare = 0;Speed = 0;}
  24   3            if(Command == 0x0C){Compare = 30;Speed = 1;}
  25   3            if(Command == 0x18){Compare = 50;Speed = 2;}
  26   3            if(Command == 0x5E){Compare = 100;Speed = 3;}
  27   3          }
  28   2          Nixie(1,Speed);
  29   2        }
  30   1      }
*** WARNING C280 IN LINE 13 OF main.c: 'Num': unreferenced local variable
  31          
  32          
  33          void Timer0_Routine() interrupt 3
  34          {
  35   1        TL1 = 0xA4;
  36   1        TH1 = 0xFF;
  37   1        Count++;
  38   1        Count%=100;
  39   1        if(Count<Compare)
  40   1        {
  41   2          P1_0=1;
  42   2        }
  43   1        else
  44   1        {
  45   2          P1_0=0;
  46   2        }
  47   1        
  48   1      }


MODULE INFORMATION:   STATIC OVERLAYABLE
   CODE SIZE        =    115    ----
   CONSTANT SIZE    =   ----    ----
C51 COMPILER V9.54   MAIN                                                                  01/18/2023 17:02:50 PAGE 2   

   XDATA SIZE       =   ----    ----
   PDATA SIZE       =   ----    ----
   DATA SIZE        =      4       1
   IDATA SIZE       =   ----    ----
   BIT SIZE         =   ----    ----
END OF MODULE INFORMATION.


C51 COMPILATION COMPLETE.  1 WARNING(S),  0 ERROR(S)
