C51 COMPILER V9.54   DS1302                                                                12/29/2022 01:03:14 PAGE 1   


C51 COMPILER V9.54, COMPILATION OF MODULE DS1302
OBJECT MODULE PLACED IN .\Objects\DS1302.obj
COMPILER INVOKED BY: D:\KeilC51\C51\BIN\C51.EXE DS1302.c OPTIMIZE(8,SPEED) BROWSE DEBUG OBJECTEXTEND PRINT(.\Listings\DS
                    -1302.lst) TABS(2) OBJECT(.\Objects\DS1302.obj)

line level    source

   1          #include <REGX52.H>
   2          
   3          sbit DS1302_SCLK = P3^6;
   4          sbit DS1302_CE = P3^5;
   5          sbit DS1302_IO = P3^4;
   6          
   7          #define DS1302_SEC      0x80
   8          #define DS1302_MIN      0x82
   9          #define DS1302_HOUR     0x84
  10          #define DS1302_DATE     0x86
  11          #define DS1302_MONTH    0x88
  12          #define DS1302_DAY      0x8A
  13          #define DS1302_YEAR     0x8C
  14          #define DS1302_WP       0x8E
  15          
  16          unsigned char DS1302_Time[] = {22, 12, 29, 1, 3, 25, 4};  //年 月 日 小时 分钟 秒 星期
  17          
  18          /**
  19            * @brief  初始化
  20            * @param  无
  21            * @retval 无
  22            */
  23          void DS1302_Init()
  24          {
  25   1        DS1302_SCLK = 0;
  26   1        DS1302_CE = 0;
  27   1      }
  28          
  29          /**
  30            * @brief  写入字节
  31            * @param  地址
  32            * @param  写入数据
  33            * @retval 无
  34            */
  35          void DS1302_WriteByte(unsigned char Command, Date)
  36          {
  37   1        unsigned char i = 0;
  38   1        DS1302_CE = 1;
  39   1        for(i = 0; i < 8; i++)
  40   1        {
  41   2          DS1302_IO = Command&(0x01<<i);
  42   2          DS1302_SCLK = 1;
  43   2          DS1302_SCLK = 0;
  44   2        }
  45   1        for(i = 0; i < 8; i++)
  46   1        {
  47   2          DS1302_IO = Date&(0x01<<i);
  48   2          DS1302_SCLK = 1;
  49   2          DS1302_SCLK = 0;
  50   2        }
  51   1        DS1302_CE = 0;
  52   1      }
  53          
  54          /**
C51 COMPILER V9.54   DS1302                                                                12/29/2022 01:03:14 PAGE 2   

  55            * @brief  读出数据
  56            * @param  地址
  57            * @retval 数据
  58            */
  59          unsigned char DS1302_ReadByte(unsigned char Command)
  60          {
  61   1        unsigned char i = 0, Date = 0x00;
  62   1        Command |= 0x01;
  63   1        DS1302_CE = 1;
  64   1        for(i = 0; i < 8; i++)
  65   1        {
  66   2          DS1302_IO = Command&(0x01<<i);
  67   2          DS1302_SCLK = 0;
  68   2          DS1302_SCLK = 1;
  69   2        }
  70   1        for(i = 0; i < 8; i++)
  71   1        {
  72   2          DS1302_SCLK = 1;
  73   2          DS1302_SCLK = 0;
  74   2          if(DS1302_IO){Date |= (0x01<<i);};
  75   2        }
  76   1        DS1302_CE = 0;
  77   1        DS1302_IO = 0;
  78   1        return Date;
  79   1      }
  80          
  81          /**
  82            * @brief  写入DS1302_Time内的数据
  83            * @param  无
  84            * @retval 无
  85            */
  86          void DS1302_SetTime()
  87          {
  88   1        DS1302_WriteByte(DS1302_WP, 0x00);    //关闭写入保护
  89   1        DS1302_WriteByte(DS1302_YEAR, DS1302_Time[0]/10*16 + DS1302_Time[0]%10);
  90   1        DS1302_WriteByte(DS1302_MONTH, DS1302_Time[1]/10*16 + DS1302_Time[1]%10);
  91   1        DS1302_WriteByte(DS1302_DATE, DS1302_Time[2]/10*16 + DS1302_Time[2]%10);
  92   1        DS1302_WriteByte(DS1302_HOUR, DS1302_Time[3]/10*16 + DS1302_Time[3]%10);
  93   1        DS1302_WriteByte(DS1302_MIN, DS1302_Time[4]/10*16 + DS1302_Time[4]%10);
  94   1        DS1302_WriteByte(DS1302_SEC, DS1302_Time[5]/10*16 + DS1302_Time[5]%10);
  95   1        DS1302_WriteByte(DS1302_DAY, DS1302_Time[6]/10*16 + DS1302_Time[6]%10);
  96   1        DS1302_WriteByte(DS1302_WP, 0x80);    //
  97   1      }
  98          
  99          /**
 100            * @brief  把时钟信息再返回DS1302_Time
 101            * @param  无
 102            * @retval 无
 103            */
 104          void DS1302_ReadTime()
 105          {
 106   1        unsigned char temp = 0;
 107   1        temp = DS1302_ReadByte(DS1302_YEAR);
 108   1        DS1302_Time[0] = temp/16*10 + temp%16;
 109   1        temp = DS1302_ReadByte(DS1302_MONTH);
 110   1        DS1302_Time[1] = temp/16*10 + temp%16;
 111   1        temp = DS1302_ReadByte(DS1302_DATE);
 112   1        DS1302_Time[2] = temp/16*10 + temp%16;
 113   1        temp = DS1302_ReadByte(DS1302_HOUR);
 114   1        DS1302_Time[3] = temp/16*10 + temp%16;
 115   1        temp = DS1302_ReadByte(DS1302_MIN);
 116   1        DS1302_Time[4] = temp/16*10 + temp%16;
C51 COMPILER V9.54   DS1302                                                                12/29/2022 01:03:14 PAGE 3   

 117   1        temp = DS1302_ReadByte(DS1302_SEC);
 118   1        DS1302_Time[5] = temp/16*10 + temp%16;
 119   1        temp = DS1302_ReadByte(DS1302_DAY);
 120   1        DS1302_Time[6] = temp/16*10 + temp%16;
 121   1      }


MODULE INFORMATION:   STATIC OVERLAYABLE
   CODE SIZE        =    551    ----
   CONSTANT SIZE    =   ----    ----
   XDATA SIZE       =   ----    ----
   PDATA SIZE       =   ----    ----
   DATA SIZE        =      7       2
   IDATA SIZE       =   ----    ----
   BIT SIZE         =   ----    ----
END OF MODULE INFORMATION.


C51 COMPILATION COMPLETE.  0 WARNING(S),  0 ERROR(S)
