C51 COMPILER V9.54   TIMER0                                                                01/18/2023 15:20:34 PAGE 1   


C51 COMPILER V9.54, COMPILATION OF MODULE TIMER0
OBJECT MODULE PLACED IN .\Objects\Timer0.obj
COMPILER INVOKED BY: D:\KeilC51\C51\BIN\C51.EXE Timer0.c OPTIMIZE(8,SPEED) BROWSE DEBUG OBJECTEXTEND PRINT(.\Listings\Ti
                    -mer0.lst) TABS(2) OBJECT(.\Objects\Timer0.obj)

line level    source

   1          #include <REGX52.H>
   2          
   3          /**
   4            * @brief  定时器0初始化，1毫秒@11.0592MHz
   5            * @param  无
   6            * @retval 无
   7            */
   8          void Timer0_Init(void)
   9          {
  10   1        TMOD &= 0xF0;   //设置定时器模式
  11   1        TMOD |= 0x01;   //设置定时器模式
  12   1        TL0 = 0x00;   //设置定时初值
  13   1        TH0 = 0x00;   //设置定时初值
  14   1        TF0 = 0;    //清除TF0标志
  15   1        TR0 = 0;    //定时器0开始计时
  16   1      }
  17          
  18          void Timer0_SetCounter(unsigned int Value)
  19          {
  20   1        TH0=Value/256;
  21   1        TL0=Value%256;
  22   1      }
  23          
  24          unsigned int Timer0_GetCounter()
  25          {
  26   1        return (TH0<<8)|TL0;
  27   1      }
  28          
  29          void Timer0_Run(unsigned char Flag)
  30          {
  31   1        TR0=Flag;
  32   1      }


MODULE INFORMATION:   STATIC OVERLAYABLE
   CODE SIZE        =     42    ----
   CONSTANT SIZE    =   ----    ----
   XDATA SIZE       =   ----    ----
   PDATA SIZE       =   ----    ----
   DATA SIZE        =   ----    ----
   IDATA SIZE       =   ----    ----
   BIT SIZE         =   ----    ----
END OF MODULE INFORMATION.


C51 COMPILATION COMPLETE.  0 WARNING(S),  0 ERROR(S)
