C51 COMPILER V9.54   MAIN                                                                  01/17/2023 14:51:37 PAGE 1   


C51 COMPILER V9.54, COMPILATION OF MODULE MAIN
OBJECT MODULE PLACED IN .\Objects\main.obj
COMPILER INVOKED BY: D:\KeilC51\C51\BIN\C51.EXE main.c OPTIMIZE(8,SPEED) BROWSE DEBUG OBJECTEXTEND PRINT(.\Listings\main
                    -.lst) TABS(2) OBJECT(.\Objects\main.obj)

line level    source

   1          #include <REGX52.H>
   2          #include "Key.h"
   3          #include "Nixie.h"
   4          #include "Timer0.h"
   5          #include "Delay.h"
   6          
   7          unsigned char Count, Compare;
   8          unsigned char Speed;
   9          
  10          void main()
  11          {
  12   1        unsigned char KeyNum;
  13   1        Timer0_Init();
  14   1      
  15   1        while(1)
  16   1        {
  17   2          KeyNum=Key();
  18   2          if(KeyNum == 1)
  19   2          {
  20   3            Speed++;
  21   3            Speed%=4;
  22   3            if(Speed == 0)Compare = 0;
  23   3            if(Speed == 1)Compare = 30;
  24   3            if(Speed == 2)Compare = 50;
  25   3            if(Speed == 3)Compare = 100;
  26   3          }
  27   2          Nixie(1,Speed);
  28   2        }
  29   1      }
  30          
  31          
  32          void Timer0_Routine() interrupt 1
  33          {
  34   1        TL0 = 0xA4;
  35   1        TH0 = 0xFF;
  36   1        Count++;
  37   1        Count%=100;
  38   1        if(Count<Compare)
  39   1        {
  40   2          P1_0=1;
  41   2        }
  42   1        else
  43   1        {
  44   2          P1_0=0;
  45   2        }
  46   1        
  47   1      }


MODULE INFORMATION:   STATIC OVERLAYABLE
   CODE SIZE        =    101    ----
   CONSTANT SIZE    =   ----    ----
   XDATA SIZE       =   ----    ----
   PDATA SIZE       =   ----    ----
C51 COMPILER V9.54   MAIN                                                                  01/17/2023 14:51:37 PAGE 2   

   DATA SIZE        =      3    ----
   IDATA SIZE       =   ----    ----
   BIT SIZE         =   ----    ----
END OF MODULE INFORMATION.


C51 COMPILATION COMPLETE.  0 WARNING(S),  0 ERROR(S)
