C51 COMPILER V9.54   MAIN                                                                  12/23/2022 21:23:15 PAGE 1   


C51 COMPILER V9.54, COMPILATION OF MODULE MAIN
OBJECT MODULE PLACED IN .\Objects\main.obj
COMPILER INVOKED BY: D:\KeilC51\C51\BIN\C51.EXE main.c OPTIMIZE(8,SPEED) BROWSE DEBUG OBJECTEXTEND PRINT(.\Listings\main
                    -.lst) TABS(2) OBJECT(.\Objects\main.obj)

line level    source

   1          #include <REGX52.H>
   2          #include "LCD1602.h"
   3          #include "Delay.h"
   4          #include "MatrixKey.h"
   5          
   6          void main()
   7          {
   8   1        unsigned char KeyNum = 0,times = 0;
   9   1        unsigned int PutNum = 0;
  10   1        unsigned int RightNum = 2345;
  11   1        LCD_Init();
  12   1        LCD_ShowString(1,1,"Password:");
  13   1        LCD_ShowString(2,1,"****");
  14   1        while(1)
  15   1        {
  16   2          KeyNum = MatrixKey();
  17   2          if(KeyNum && KeyNum<=10 && PutNum<1000)
  18   2          {
  19   3            PutNum *= 10;
  20   3            PutNum += KeyNum%10;
  21   3            LCD_ShowNum(2,1,PutNum,4);
  22   3          }
  23   2          if(KeyNum==12)
  24   2          {
  25   3            PutNum = 0;
  26   3            LCD_ShowNum(2,1,PutNum,4);
  27   3          }
  28   2          if(KeyNum==11)
  29   2          {
  30   3            if(PutNum==RightNum)
  31   3            {
  32   4              LCD_ShowString(2,1,"****");
  33   4              PutNum = 0;
  34   4              for(times=3;times>0;times--)
  35   4              {
  36   5                LCD_ShowString(1,12,"OK   ");
  37   5                Delay(500);
  38   5                LCD_ShowString(1,12,"     ");
  39   5                Delay(500);
  40   5              }
  41   4            }
  42   3            else
  43   3            {
  44   4              LCD_ShowString(2,1,"****");
  45   4              PutNum = 0;
  46   4              for(times=3;times>0;times--)
  47   4              {
  48   5                LCD_ShowString(1,12,"ERROR");
  49   5                Delay(500);
  50   5                LCD_ShowString(1,12,"     ");
  51   5                Delay(500);
  52   5              }
  53   4            }
  54   3          }
C51 COMPILER V9.54   MAIN                                                                  12/23/2022 21:23:15 PAGE 2   

  55   2        }
  56   1      }


MODULE INFORMATION:   STATIC OVERLAYABLE
   CODE SIZE        =    305    ----
   CONSTANT SIZE    =     33    ----
   XDATA SIZE       =   ----    ----
   PDATA SIZE       =   ----    ----
   DATA SIZE        =   ----       6
   IDATA SIZE       =   ----    ----
   BIT SIZE         =   ----    ----
END OF MODULE INFORMATION.


C51 COMPILATION COMPLETE.  0 WARNING(S),  0 ERROR(S)
