C51 COMPILER V9.54   MATRIXKEY                                                             12/23/2022 20:23:16 PAGE 1   


C51 COMPILER V9.54, COMPILATION OF MODULE MATRIXKEY
OBJECT MODULE PLACED IN .\Objects\MatrixKey.obj
COMPILER INVOKED BY: D:\KeilC51\C51\BIN\C51.EXE MatrixKey.c OPTIMIZE(8,SPEED) BROWSE DEBUG OBJECTEXTEND PRINT(.\Listings
                    -\MatrixKey.lst) TABS(2) OBJECT(.\Objects\MatrixKey.obj)

line level    source

   1          #include <REGX52.H>
   2          #include "Delay.h"
   3          unsigned char MatrixKey()
   4          {
   5   1        
   6   1        P1=0xFF;
   7   1        P1_3=0;
   8   1        if(P1_7==0){Delay(20);while(P1_7==0);Delay(20);return 1;}
   9   1        if(P1_6==0){Delay(20);while(P1_6==0);Delay(20);return 5;}
  10   1        if(P1_5==0){Delay(20);while(P1_5==0);Delay(20);return 9;}
  11   1        if(P1_4==0){Delay(20);while(P1_4==0);Delay(20);return 13;}
  12   1        
  13   1        P1=0xFF;
  14   1        P1_2=0;
  15   1        if(P1_7==0){Delay(20);while(P1_7==0);Delay(20);return 2;}
  16   1        if(P1_6==0){Delay(20);while(P1_6==0);Delay(20);return 6;}
  17   1        if(P1_5==0){Delay(20);while(P1_5==0);Delay(20);return 10;}
  18   1        if(P1_4==0){Delay(20);while(P1_4==0);Delay(20);return 14;}
  19   1      
  20   1        P1=0xFF;
  21   1        P1_1=0;
  22   1        if(P1_7==0){Delay(20);while(P1_7==0);Delay(20);return 3;}
  23   1        if(P1_6==0){Delay(20);while(P1_6==0);Delay(20);return 7;}
  24   1        if(P1_5==0){Delay(20);while(P1_5==0);Delay(20);return 11;}
  25   1        if(P1_4==0){Delay(20);while(P1_4==0);Delay(20);return 15;}
  26   1        
  27   1        P1=0xFF;
  28   1        P1_0=0;
  29   1        if(P1_7==0){Delay(20);while(P1_7==0);Delay(20);return 4;}
  30   1        if(P1_6==0){Delay(20);while(P1_6==0);Delay(20);return 8;}
  31   1        if(P1_5==0){Delay(20);while(P1_5==0);Delay(20);return 12;}
  32   1        if(P1_4==0){Delay(20);while(P1_4==0);Delay(20);return 16;}
  33   1      }
*** WARNING C291 IN LINE 33 OF MatrixKey.c: not every exit path returns a value


MODULE INFORMATION:   STATIC OVERLAYABLE
   CODE SIZE        =    388    ----
   CONSTANT SIZE    =   ----    ----
   XDATA SIZE       =   ----    ----
   PDATA SIZE       =   ----    ----
   DATA SIZE        =   ----    ----
   IDATA SIZE       =   ----    ----
   BIT SIZE         =   ----    ----
END OF MODULE INFORMATION.


C51 COMPILATION COMPLETE.  1 WARNING(S),  0 ERROR(S)
