C51 COMPILER V9.54   MAIN                                                                  12/27/2022 21:26:25 PAGE 1   


C51 COMPILER V9.54, COMPILATION OF MODULE MAIN
OBJECT MODULE PLACED IN .\Objects\main.obj
COMPILER INVOKED BY: D:\KeilC51\C51\BIN\C51.EXE main.c OPTIMIZE(8,SPEED) BROWSE DEBUG OBJECTEXTEND PRINT(.\Listings\main
                    -.lst) TABS(2) OBJECT(.\Objects\main.obj)

line level    source

   1          #include <REGX52.H>
   2          #include "Delay.h"
   3          #include "MatrixLED.h"
   4          unsigned char code Animation[] = {
   5            0x18,0x3B,0x24,0xFC,0xFC,0x22,0x1D,0x00,
   6            0x00,0x37,0x26,0xFC,0xFC,0x22,0x1D,0x00,
   7            0x00,0x33,0x24,0xFF,0xFF,0x22,0x1D,0x00,
   8            0x00,0x33,0x24,0xFC,0xFE,0x26,0x1D,0x00,
   9            0x00,0x33,0x24,0xFC,0xFC,0x22,0x1D,0x0C,
  10            0x00,0x33,0x24,0xFC,0xFE,0x26,0x1D,0x00,  
  11            0x00,0x33,0x24,0xFF,0xFF,0x22,0x1D,0x00,
  12            0x00,0x37,0x26,0xFC,0xFC,0x22,0x1D,0x00,
  13            0x18,0x3B,0x24,0xFC,0xFC,0x22,0x1D,0x00
  14          };
  15          void main()
  16          {
  17   1        unsigned char i = 0, offset = 0, count = 0;
  18   1        MatrixLED_Init();
  19   1        while(1)
  20   1        {
  21   2          for(i = 0; i < 8; i++)
  22   2          {
  23   3            MatrixLED_ShowCol(i, Animation[i+offset]);
  24   3          }
  25   2          count++;
  26   2          if(count > 10)
  27   2          {
  28   3            count = 0;
  29   3            offset += 8;
  30   3            if(offset > 64)
  31   3            {
  32   4              offset = 0;
  33   4            }
  34   3          }
  35   2        }
  36   1      }


MODULE INFORMATION:   STATIC OVERLAYABLE
   CODE SIZE        =     66    ----
   CONSTANT SIZE    =     72    ----
   XDATA SIZE       =   ----    ----
   PDATA SIZE       =   ----    ----
   DATA SIZE        =   ----       3
   IDATA SIZE       =   ----    ----
   BIT SIZE         =   ----    ----
END OF MODULE INFORMATION.


C51 COMPILATION COMPLETE.  0 WARNING(S),  0 ERROR(S)
